Running test with user esrmosp7
-- Generating ;/esd/bata_esd2/esrmosp7/EmbeddedLinuxCourse/assignment-autotest/test/assignment1/Test_hello_Runner.c;/esd/bata_esd2/esrmosp7/EmbeddedLinuxCourse/assignment-autotest/test/assignment1/Test_assignment_validate_Runner.c;/esd/bata_esd2/esrmosp7/EmbeddedLinuxCourse/assignment-autotest/../student-test/assignment1/Test_validate_username_Runner.c from test/assignment1/Test_hello.c;test/assignment1/Test_assignment_validate.c;../student-test/assignment1/Test_validate_username.c
-- Building executable including ;/esd/bata_esd2/esrmosp7/EmbeddedLinuxCourse/assignment-autotest/test/assignment1/Test_hello_Runner.c;/esd/bata_esd2/esrmosp7/EmbeddedLinuxCourse/assignment-autotest/test/assignment1/Test_assignment_validate_Runner.c;/esd/bata_esd2/esrmosp7/EmbeddedLinuxCourse/assignment-autotest/../student-test/assignment1/Test_validate_username_Runner.c test/assignment1/Test_hello.c;test/assignment1/Test_assignment_validate.c;../student-test/assignment1/Test_validate_username.c and ../examples/autotest-validate/autotest-validate.c
-- Configuring done (0.0s)
-- Generating done (0.1s)
-- Build files have been written to: /esd/bata_esd2/esrmosp7/EmbeddedLinuxCourse/build
[  8%] Building C object assignment-autotest/Unity/src/CMakeFiles/unity.dir/unity.c.o
[ 16%] Linking C static library libunity.a
[ 16%] Built target unity
[ 25%] Generating /esd/bata_esd2/esrmosp7/EmbeddedLinuxCourse/assignment-autotest/test/assignment1/Test_hello_Runner.c, /esd/bata_esd2/esrmosp7/EmbeddedLinuxCourse/assignment-autotest/test/assignment1/Test_assignment_validate_Runner.c, /esd/bata_esd2/esrmosp7/EmbeddedLinuxCourse/student-test/assignment1/Test_validate_username_Runner.c, /esd/bata_esd2/esrmosp7/EmbeddedLinuxCourse/assignment-autotest/test/unity_runner.c
Test files for auto dependency generation test/assignment1/Test_hello.c test/assignment1/Test_assignment_validate.c ../student-test/assignment1/Test_validate_username.c
Autogenerating runner for test/assignment1/Test_hello.c
Autogenerating runner for test/assignment1/Test_assignment_validate.c
Autogenerating runner for ../student-test/assignment1/Test_validate_username.c
Autogenerating test/unity_runner.c
make[2]: Warning: File '/esd/bata_esd2/esrmosp7/EmbeddedLinuxCourse/assignment-autotest/test/unity_runner.c' has modification time 0.0025 s in the future
make[2]: warning:  Clock skew detected.  Your build may be incomplete.
[ 33%] Building C object assignment-autotest/CMakeFiles/assignment-autotest.dir/test/assignment1/Test_hello.c.o
[ 41%] Building C object assignment-autotest/CMakeFiles/assignment-autotest.dir/test/assignment1/Test_assignment_validate.c.o
[ 50%] Building C object assignment-autotest/CMakeFiles/assignment-autotest.dir/__/student-test/assignment1/Test_validate_username.c.o
[ 58%] Building C object assignment-autotest/CMakeFiles/assignment-autotest.dir/test/assignment1/Test_hello_Runner.c.o
[ 66%] Building C object assignment-autotest/CMakeFiles/assignment-autotest.dir/test/assignment1/Test_assignment_validate_Runner.c.o
[ 75%] Building C object assignment-autotest/CMakeFiles/assignment-autotest.dir/__/student-test/assignment1/Test_validate_username_Runner.c.o
[ 83%] Building C object assignment-autotest/CMakeFiles/assignment-autotest.dir/__/examples/autotest-validate/autotest-validate.c.o
[ 91%] Building C object assignment-autotest/CMakeFiles/assignment-autotest.dir/test/unity_runner.c.o
[100%] Linking C executable assignment-autotest
[100%] Built target assignment-autotest
/esd/bata_esd2/esrmosp7/EmbeddedLinuxCourse/assignment-autotest/test/assignment1/Test_hello.c:6:test_hello:INFO: Hello!  Your unity setup is working!
/esd/bata_esd2/esrmosp7/EmbeddedLinuxCourse/assignment-autotest/test/assignment1/Test_hello.c:4:test_hello:PASS

-----------------------
1 Tests 0 Failures 0 Ignored 
OK
/esd/bata_esd2/esrmosp7/EmbeddedLinuxCourse/assignment-autotest/test/assignment1/Test_assignment_validate.c:9:test_assignment_validate:PASS

-----------------------
1 Tests 0 Failures 0 Ignored 
OK
Read EsraaKhaledMostafa from conf/username.txt
/esd/bata_esd2/esrmosp7/EmbeddedLinuxCourse/assignment-autotest/../student-test/assignment1/Test_validate_username.c:15:test_validate_my_username:PASS

-----------------------
1 Tests 0 Failures 0 Ignored 
OK
Executing assignment test script
/esd/bata_esd2/esrmosp7/EmbeddedLinuxCourse/assignment-autotest/test/assignment1 /esd/bata_esd2/esrmosp7/EmbeddedLinuxCourse
/esd/bata_esd2/esrmosp7/EmbeddedLinuxCourse/finder-app /esd/bata_esd2/esrmosp7/EmbeddedLinuxCourse/assignment-autotest/test/assignment1 /esd/bata_esd2/esrmosp7/EmbeddedLinuxCourse
Error: Two arguments required. Usage: ./writer.sh <file-path> <write-string>
Error: Two arguments required. Usage: ./writer.sh <file-path> <write-string>
Using default value AELD_IS_FUN for string to write
Using default value 10 for number of files to write
Writing 10 files containing string AELD_IS_FUN to /tmp/aeld-data
The number of files are 10 and the number of matching lines are 10
success
Writing 10 files containing string AELD_IS_FUN to /tmp/aeld-data/IoW8UcguAhoM3rwBJ9q8yUcYMSCJPApW
The number of files are 10 and the number of matching lines are 10
success
Test of assignment assignment1 complete with success
Running test with user esrmosp7
CMake Error: The current CMakeCache.txt directory /esd/bata_esd2/esrmosp7/EmbeddedLinuxCourse/assignment-2-EsraaKhaledMostafa/build/CMakeCache.txt is different than the directory /esd/bata_esd2/esrmosp7/EmbeddedLinuxCourse/build where CMakeCache.txt was created. This may result in binaries being created in the wrong place. If you are not sure, reedit the CMakeCache.txt
CMake Error: The source "/esd/bata_esd2/esrmosp7/EmbeddedLinuxCourse/assignment-2-EsraaKhaledMostafa/CMakeLists.txt" does not match the source "/esd/bata_esd2/esrmosp7/EmbeddedLinuxCourse/CMakeLists.txt" used to generate cache.  Re-run cmake with a different source directory.
/bin/sh: line 0: cd: /esd/bata_esd2/esrmosp7/EmbeddedLinuxCourse/build/assignment-autotest: No such file or directory
make[2]: *** [assignment-autotest/CMakeFiles/assignment-autotest.dir/clean] Error 1
make[1]: *** [assignment-autotest/CMakeFiles/assignment-autotest.dir/clean] Error 2
make: *** [clean] Error 2
-- The C compiler identification is GNU 8.5.0
-- The CXX compiler identification is GNU 8.5.0
-- Detecting C compiler ABI info
-- Detecting C compiler ABI info - failed
-- Check for working C compiler: /usr/bin/cc
-- Check for working C compiler: /usr/bin/cc - broken
CMake Error at /usr/share/cmake/Modules/CMakeTestCCompiler.cmake:67 (message):
  The C compiler

    "/usr/bin/cc"

  is not able to compile a simple test program.

  It fails with the following output:

    Change Dir: /esd/bata_esd2/esrmosp7/EmbeddedLinuxCourse/build/CMakeFiles/CMakeScratch/TryCompile-2WWo0C
    
    Run Build Command(s):/usr/bin/cmake -E env VERBOSE=1 /esd/vista_dev/vista_build_tools_lightweight/tools.64bit/bin/gmake -f Makefile cmTC_fb0c4/fast && gmake[1]: Entering directory `/esd/bata_esd2/esrmosp7/EmbeddedLinuxCourse/build/CMakeFiles/CMakeScratch/TryCompile-2WWo0C'
    /esd/vista_dev/vista_build_tools_lightweight/tools.64bit/bin/gmake  -f CMakeFiles/cmTC_fb0c4.dir/build.make CMakeFiles/cmTC_fb0c4.dir/build
    gmake[2]: Entering directory `/esd/bata_esd2/esrmosp7/EmbeddedLinuxCourse/build/CMakeFiles/CMakeScratch/TryCompile-2WWo0C'
    Building C object CMakeFiles/cmTC_fb0c4.dir/testCCompiler.c.o
    /usr/bin/cc    -o CMakeFiles/cmTC_fb0c4.dir/testCCompiler.c.o -c /esd/bata_esd2/esrmosp7/EmbeddedLinuxCourse/build/CMakeFiles/CMakeScratch/TryCompile-2WWo0C/testCCompiler.c
    Linking C executable cmTC_fb0c4
    /usr/bin/cmake -E cmake_link_script CMakeFiles/cmTC_fb0c4.dir/link.txt --verbose=1
    /usr/bin/cc -rdynamic CMakeFiles/cmTC_fb0c4.dir/testCCompiler.c.o -o cmTC_fb0c4 
    /esd/vista_dev/vista_build_tools_lightweight/tools.64bit/bin/ld: BFD (GNU Binutils) 2.21 internal error, aborting at reloc.c line 443 in bfd_get_reloc_size
    
    /esd/vista_dev/vista_build_tools_lightweight/tools.64bit/bin/ld: Please report this bug.
    
    collect2: error: ld returned 1 exit status
    gmake[2]: *** [cmTC_fb0c4] Error 1
    gmake[2]: *** Deleting file `cmTC_fb0c4'
    gmake[2]: Leaving directory `/esd/bata_esd2/esrmosp7/EmbeddedLinuxCourse/build/CMakeFiles/CMakeScratch/TryCompile-2WWo0C'
    gmake[1]: *** [cmTC_fb0c4/fast] Error 2
    gmake[1]: Leaving directory `/esd/bata_esd2/esrmosp7/EmbeddedLinuxCourse/build/CMakeFiles/CMakeScratch/TryCompile-2WWo0C'
    
    

  

  CMake will not be able to correctly generate this project.
Call Stack (most recent call first):
  CMakeLists.txt:2 (project)


-- Configuring incomplete, errors occurred!
make: *** [cmake_check_build_system] Error 1
/esd/bata_esd2/esrmosp7/EmbeddedLinuxCourse/assignment-autotest/test/assignment1/Test_hello.c:6:test_hello:INFO: Hello!  Your unity setup is working!
/esd/bata_esd2/esrmosp7/EmbeddedLinuxCourse/assignment-autotest/test/assignment1/Test_hello.c:4:test_hello:PASS

-----------------------
1 Tests 0 Failures 0 Ignored 
OK
/esd/bata_esd2/esrmosp7/EmbeddedLinuxCourse/assignment-autotest/test/assignment1/Test_assignment_validate.c:9:test_assignment_validate:PASS

-----------------------
1 Tests 0 Failures 0 Ignored 
OK
Read EsraaKhaledMostafa from conf/username.txt
/esd/bata_esd2/esrmosp7/EmbeddedLinuxCourse/assignment-autotest/../student-test/assignment1/Test_validate_username.c:15:test_validate_my_username:PASS

-----------------------
1 Tests 0 Failures 0 Ignored 
OK
Executing assignment test script
/esd/bata_esd2/esrmosp7/EmbeddedLinuxCourse/assignment-2-EsraaKhaledMostafa/assignment-autotest/test/assignment1 /esd/bata_esd2/esrmosp7/EmbeddedLinuxCourse/assignment-2-EsraaKhaledMostafa
/esd/bata_esd2/esrmosp7/EmbeddedLinuxCourse/assignment-2-EsraaKhaledMostafa/finder-app /esd/bata_esd2/esrmosp7/EmbeddedLinuxCourse/assignment-2-EsraaKhaledMostafa/assignment-autotest/test/assignment1 /esd/bata_esd2/esrmosp7/EmbeddedLinuxCourse/assignment-2-EsraaKhaledMostafa
Error: Two arguments required. Usage: ./writer.sh <file-path> <write-string>
Error: Two arguments required. Usage: ./writer.sh <file-path> <write-string>
Using default value AELD_IS_FUN for string to write
Using default value 10 for number of files to write
Writing 10 files containing string AELD_IS_FUN to /tmp/aeld-data
rm -f writer.o writer
aarch64-none-linux-gnu-gcc -Wall -Werror -c -o writer.o writer.c
aarch64-none-linux-gnu-gcc -Wall -Werror -o writer writer.o
./finder-test.sh: line 51: ./writer: cannot execute binary file: Exec format error
[0;31mValidation Error:finder-test.sh execution for default directory failed with return code 126[0m
Writing 10 files containing string AELD_IS_FUN to /tmp/aeld-data/ZvdWi3BBckqDdo8oP1ShE1BUHxkjZ3d8
rm -f writer.o writer
aarch64-none-linux-gnu-gcc -Wall -Werror -c -o writer.o writer.c
aarch64-none-linux-gnu-gcc -Wall -Werror -o writer writer.o
./finder-test.sh: line 51: ./writer: cannot execute binary file: Exec format error
[0;31mValidation Error:finder-test.sh execution for random directory failed with return code 126[0m
Validation failed with error list :finder-test.sh execution for default directory failed with return code 126:finder-test.sh execution for random directory failed with return code 126
Test of assignment assignment1 failed with rc=1
Running test with user esrmosp7
CMake Error: The current CMakeCache.txt directory /esd/bata_esd2/esrmosp7/EmbeddedLinuxCourse/assignment-2-EsraaKhaledMostafa/build/CMakeCache.txt is different than the directory /esd/bata_esd2/esrmosp7/EmbeddedLinuxCourse/build where CMakeCache.txt was created. This may result in binaries being created in the wrong place. If you are not sure, reedit the CMakeCache.txt
CMake Error: The source "/esd/bata_esd2/esrmosp7/EmbeddedLinuxCourse/assignment-2-EsraaKhaledMostafa/CMakeLists.txt" does not match the source "/esd/bata_esd2/esrmosp7/EmbeddedLinuxCourse/CMakeLists.txt" used to generate cache.  Re-run cmake with a different source directory.
/bin/sh: line 0: cd: /esd/bata_esd2/esrmosp7/EmbeddedLinuxCourse/build/assignment-autotest: No such file or directory
make[2]: *** [assignment-autotest/CMakeFiles/assignment-autotest.dir/clean] Error 1
make[1]: *** [assignment-autotest/CMakeFiles/assignment-autotest.dir/clean] Error 2
make: *** [clean] Error 2
-- The C compiler identification is GNU 8.5.0
-- The CXX compiler identification is GNU 8.5.0
-- Detecting C compiler ABI info
-- Detecting C compiler ABI info - failed
-- Check for working C compiler: /usr/bin/cc
CMake Error at /usr/share/cmake/Modules/CMakeTestCCompiler.cmake:67 (message):
  The C compiler

    "/usr/bin/cc"

  is not able to compile a simple test program.

  It fails with the following output:

    Change Dir: /esd/bata_esd2/esrmosp7/EmbeddedLinuxCourse/build/CMakeFiles/CMakeScratch/TryCompile-1ljS8Z
    
    Run Build Command(s):/usr/bin/cmake -E env VERBOSE=1 /esd/vista_dev/vista_build_tools_lightweight/tools.64bit/bin/gmake -f Makefile cmTC_b4a1e/fast && gmake[1]: Entering directory `/esd/bata_esd2/esrmosp7/EmbeddedLinuxCourse/build/CMakeFiles/CMakeScratch/TryCompile-1ljS8Z'
    /esd/vista_dev/vista_build_tools_lightweight/tools.64bit/bin/gmake  -f CMakeFiles/cmTC_b4a1e.dir/build.make CMakeFiles/cmTC_b4a1e.dir/build
    gmake[2]: Entering directory `/esd/bata_esd2/esrmosp7/EmbeddedLinuxCourse/build/CMakeFiles/CMakeScratch/TryCompile-1ljS8Z'
    Building C object CMakeFiles/cmTC_b4a1e.dir/testCCompiler.c.o
    /usr/bin/cc    -o CMakeFiles/cmTC_b4a1e.dir/testCCompiler.c.o -c /esd/bata_esd2/esrmosp7/EmbeddedLinuxCourse/build/CMakeFiles/CMakeScratch/TryCompile-1ljS8Z/testCCompiler.c
    Linking C executable cmTC_b4a1e
    /usr/bin/cmake -E cmake_link_script CMakeFiles/cmTC_b4a1e.dir/link.txt --verbose=1
    /usr/bin/cc -rdynamic CMakeFiles/cmTC_b4a1e.dir/testCCompiler.c.o -o cmTC_b4a1e 
    /esd/vista_dev/vista_build_tools_lightweight/tools.64bit/bin/ld: BFD (GNU Binutils) 2.21 internal error, aborting at reloc.c line 443 in bfd_get_reloc_size
    
    /esd/vista_dev/vista_build_tools_lightweight/tools.64bit/bin/ld: Please report this bug.
    
    collect2: error: ld returned 1 exit status
    gmake[2]: *** [cmTC_b4a1e] Error 1
    gmake[2]: *** Deleting file `cmTC_b4a1e'
    gmake[2]: Leaving directory `/esd/bata_esd2/esrmosp7/EmbeddedLinuxCourse/build/CMakeFiles/CMakeScratch/TryCompile-1ljS8Z'
    gmake[1]: *** [cmTC_b4a1e/fast] Error 2
    gmake[1]: Leaving directory `/esd/bata_esd2/esrmosp7/EmbeddedLinuxCourse/build/CMakeFiles/CMakeScratch/TryCompile-1ljS8Z'
    
    

  

  CMake will not be able to correctly generate this project.
Call Stack (most recent call first):
  CMakeLists.txt:2 (project)


-- Check for working C compiler: /usr/bin/cc - broken
-- Configuring incomplete, errors occurred!
make: *** [cmake_check_build_system] Error 1
/esd/bata_esd2/esrmosp7/EmbeddedLinuxCourse/assignment-autotest/test/assignment1/Test_hello.c:6:test_hello:INFO: Hello!  Your unity setup is working!
/esd/bata_esd2/esrmosp7/EmbeddedLinuxCourse/assignment-autotest/test/assignment1/Test_hello.c:4:test_hello:PASS

-----------------------
1 Tests 0 Failures 0 Ignored 
OK
/esd/bata_esd2/esrmosp7/EmbeddedLinuxCourse/assignment-autotest/test/assignment1/Test_assignment_validate.c:9:test_assignment_validate:PASS

-----------------------
1 Tests 0 Failures 0 Ignored 
OK
Read EsraaKhaledMostafa from conf/username.txt
/esd/bata_esd2/esrmosp7/EmbeddedLinuxCourse/assignment-autotest/../student-test/assignment1/Test_validate_username.c:15:test_validate_my_username:PASS

-----------------------
1 Tests 0 Failures 0 Ignored 
OK
Executing assignment test script
/esd/bata_esd2/esrmosp7/EmbeddedLinuxCourse/assignment-2-EsraaKhaledMostafa/assignment-autotest/test/assignment1 /esd/bata_esd2/esrmosp7/EmbeddedLinuxCourse/assignment-2-EsraaKhaledMostafa
/esd/bata_esd2/esrmosp7/EmbeddedLinuxCourse/assignment-2-EsraaKhaledMostafa/finder-app /esd/bata_esd2/esrmosp7/EmbeddedLinuxCourse/assignment-2-EsraaKhaledMostafa/assignment-autotest/test/assignment1 /esd/bata_esd2/esrmosp7/EmbeddedLinuxCourse/assignment-2-EsraaKhaledMostafa
Error: Two arguments required. Usage: ./writer.sh <file-path> <write-string>
Error: Two arguments required. Usage: ./writer.sh <file-path> <write-string>
Using default value AELD_IS_FUN for string to write
Using default value 10 for number of files to write
Writing 10 files containing string AELD_IS_FUN to /tmp/aeld-data
/tmp/aeld-data created
Cleaning up previous builds and compiling the writer application...
rm -f writer.o writer
aarch64-none-linux-gnu-gcc -Wall -Werror -c -o writer.o writer.c
aarch64-none-linux-gnu-gcc -Wall -Werror -o writer writer.o
failed: expected  The number of files are 10 and the number of matching lines are 10 in The number of files are 0 and the number of matching lines are 0 but instead found
[0;31mValidation Error:finder-test.sh execution for default directory failed with return code 1[0m
Writing 10 files containing string AELD_IS_FUN to /tmp/aeld-data/WB0qOVUghZGjaSmRugb9UB9cT9G0LLYj
/tmp/aeld-data/WB0qOVUghZGjaSmRugb9UB9cT9G0LLYj created
Cleaning up previous builds and compiling the writer application...
rm -f writer.o writer
aarch64-none-linux-gnu-gcc -Wall -Werror -c -o writer.o writer.c
aarch64-none-linux-gnu-gcc -Wall -Werror -o writer writer.o
failed: expected  The number of files are 10 and the number of matching lines are 10 in The number of files are 0 and the number of matching lines are 0 but instead found
[0;31mValidation Error:finder-test.sh execution for random directory failed with return code 1[0m
Validation failed with error list :finder-test.sh execution for default directory failed with return code 1:finder-test.sh execution for random directory failed with return code 1
Test of assignment assignment1 failed with rc=1
Running test with user esrmosp7
CMake Error: The current CMakeCache.txt directory /esd/bata_esd2/esrmosp7/EmbeddedLinuxCourse/assignment-2-EsraaKhaledMostafa/build/CMakeCache.txt is different than the directory /esd/bata_esd2/esrmosp7/EmbeddedLinuxCourse/build where CMakeCache.txt was created. This may result in binaries being created in the wrong place. If you are not sure, reedit the CMakeCache.txt
CMake Error: The source "/esd/bata_esd2/esrmosp7/EmbeddedLinuxCourse/assignment-2-EsraaKhaledMostafa/CMakeLists.txt" does not match the source "/esd/bata_esd2/esrmosp7/EmbeddedLinuxCourse/CMakeLists.txt" used to generate cache.  Re-run cmake with a different source directory.
/bin/sh: line 0: cd: /esd/bata_esd2/esrmosp7/EmbeddedLinuxCourse/build/assignment-autotest: No such file or directory
make[2]: *** [assignment-autotest/CMakeFiles/assignment-autotest.dir/clean] Error 1
make[1]: *** [assignment-autotest/CMakeFiles/assignment-autotest.dir/clean] Error 2
make: *** [clean] Error 2
-- The C compiler identification is GNU 8.5.0
-- The CXX compiler identification is GNU 8.5.0
-- Detecting C compiler ABI info
-- Detecting C compiler ABI info - failed
-- Check for working C compiler: /usr/bin/cc
-- Check for working C compiler: /usr/bin/cc - broken
CMake Error at /usr/share/cmake/Modules/CMakeTestCCompiler.cmake:67 (message):
  The C compiler

    "/usr/bin/cc"

  is not able to compile a simple test program.

  It fails with the following output:

    Change Dir: /esd/bata_esd2/esrmosp7/EmbeddedLinuxCourse/build/CMakeFiles/CMakeScratch/TryCompile-biu9RM
    
    Run Build Command(s):/usr/bin/cmake -E env VERBOSE=1 /esd/vista_dev/vista_build_tools_lightweight/tools.64bit/bin/gmake -f Makefile cmTC_5aa53/fast && gmake[1]: Entering directory `/esd/bata_esd2/esrmosp7/EmbeddedLinuxCourse/build/CMakeFiles/CMakeScratch/TryCompile-biu9RM'
    /esd/vista_dev/vista_build_tools_lightweight/tools.64bit/bin/gmake  -f CMakeFiles/cmTC_5aa53.dir/build.make CMakeFiles/cmTC_5aa53.dir/build
    gmake[2]: Entering directory `/esd/bata_esd2/esrmosp7/EmbeddedLinuxCourse/build/CMakeFiles/CMakeScratch/TryCompile-biu9RM'
    Building C object CMakeFiles/cmTC_5aa53.dir/testCCompiler.c.o
    /usr/bin/cc    -o CMakeFiles/cmTC_5aa53.dir/testCCompiler.c.o -c /esd/bata_esd2/esrmosp7/EmbeddedLinuxCourse/build/CMakeFiles/CMakeScratch/TryCompile-biu9RM/testCCompiler.c
    Linking C executable cmTC_5aa53
    /usr/bin/cmake -E cmake_link_script CMakeFiles/cmTC_5aa53.dir/link.txt --verbose=1
    /usr/bin/cc -rdynamic CMakeFiles/cmTC_5aa53.dir/testCCompiler.c.o -o cmTC_5aa53 
    /esd/vista_dev/vista_build_tools_lightweight/tools.64bit/bin/ld: BFD (GNU Binutils) 2.21 internal error, aborting at reloc.c line 443 in bfd_get_reloc_size
    
    /esd/vista_dev/vista_build_tools_lightweight/tools.64bit/bin/ld: Please report this bug.
    
    collect2: error: ld returned 1 exit status
    gmake[2]: *** [cmTC_5aa53] Error 1
    gmake[2]: *** Deleting file `cmTC_5aa53'
    gmake[2]: Leaving directory `/esd/bata_esd2/esrmosp7/EmbeddedLinuxCourse/build/CMakeFiles/CMakeScratch/TryCompile-biu9RM'
    gmake[1]: *** [cmTC_5aa53/fast] Error 2
    gmake[1]: Leaving directory `/esd/bata_esd2/esrmosp7/EmbeddedLinuxCourse/build/CMakeFiles/CMakeScratch/TryCompile-biu9RM'
    
    

  

  CMake will not be able to correctly generate this project.
Call Stack (most recent call first):
  CMakeLists.txt:2 (project)


-- Configuring incomplete, errors occurred!
make: *** [cmake_check_build_system] Error 1
/esd/bata_esd2/esrmosp7/EmbeddedLinuxCourse/assignment-autotest/test/assignment1/Test_hello.c:6:test_hello:INFO: Hello!  Your unity setup is working!
/esd/bata_esd2/esrmosp7/EmbeddedLinuxCourse/assignment-autotest/test/assignment1/Test_hello.c:4:test_hello:PASS

-----------------------
1 Tests 0 Failures 0 Ignored 
OK
/esd/bata_esd2/esrmosp7/EmbeddedLinuxCourse/assignment-autotest/test/assignment1/Test_assignment_validate.c:9:test_assignment_validate:PASS

-----------------------
1 Tests 0 Failures 0 Ignored 
OK
Read EsraaKhaledMostafa from conf/username.txt
/esd/bata_esd2/esrmosp7/EmbeddedLinuxCourse/assignment-autotest/../student-test/assignment1/Test_validate_username.c:15:test_validate_my_username:PASS

-----------------------
1 Tests 0 Failures 0 Ignored 
OK
Executing assignment test script
/esd/bata_esd2/esrmosp7/EmbeddedLinuxCourse/assignment-2-EsraaKhaledMostafa/assignment-autotest/test/assignment1 /esd/bata_esd2/esrmosp7/EmbeddedLinuxCourse/assignment-2-EsraaKhaledMostafa
/esd/bata_esd2/esrmosp7/EmbeddedLinuxCourse/assignment-2-EsraaKhaledMostafa/finder-app /esd/bata_esd2/esrmosp7/EmbeddedLinuxCourse/assignment-2-EsraaKhaledMostafa/assignment-autotest/test/assignment1 /esd/bata_esd2/esrmosp7/EmbeddedLinuxCourse/assignment-2-EsraaKhaledMostafa
Error: Two arguments required. Usage: ./writer.sh <file-path> <write-string>
Error: Two arguments required. Usage: ./writer.sh <file-path> <write-string>
Using default value AELD_IS_FUN for string to write
Using default value 10 for number of files to write
Writing 10 files containing string AELD_IS_FUN to /tmp/aeld-data
Cleaning up previous builds and compiling the writer application...
rm -f writer.o writer
aarch64-none-linux-gnu-gcc -Wall -Werror -c -o writer.o writer.c
aarch64-none-linux-gnu-gcc -Wall -Werror -o writer writer.o
[0;31mValidation Error:finder-test.sh execution for default directory failed with return code 1[0m
Writing 10 files containing string AELD_IS_FUN to /tmp/aeld-data/8U59608z3A94tXqZmw79yzLWGM508Jlr
Cleaning up previous builds and compiling the writer application...
rm -f writer.o writer
aarch64-none-linux-gnu-gcc -Wall -Werror -c -o writer.o writer.c
aarch64-none-linux-gnu-gcc -Wall -Werror -o writer writer.o
[0;31mValidation Error:finder-test.sh execution for random directory failed with return code 1[0m
Validation failed with error list :finder-test.sh execution for default directory failed with return code 1:finder-test.sh execution for random directory failed with return code 1
Test of assignment assignment1 failed with rc=1
Running test with user esrmosp7
CMake Error: The current CMakeCache.txt directory /esd/bata_esd2/esrmosp7/EmbeddedLinuxCourse/assignment-2-EsraaKhaledMostafa/build/CMakeCache.txt is different than the directory /esd/bata_esd2/esrmosp7/EmbeddedLinuxCourse/build where CMakeCache.txt was created. This may result in binaries being created in the wrong place. If you are not sure, reedit the CMakeCache.txt
CMake Error: The source "/esd/bata_esd2/esrmosp7/EmbeddedLinuxCourse/assignment-2-EsraaKhaledMostafa/CMakeLists.txt" does not match the source "/esd/bata_esd2/esrmosp7/EmbeddedLinuxCourse/CMakeLists.txt" used to generate cache.  Re-run cmake with a different source directory.
/bin/sh: line 0: cd: /esd/bata_esd2/esrmosp7/EmbeddedLinuxCourse/build/assignment-autotest: No such file or directory
make[2]: *** [assignment-autotest/CMakeFiles/assignment-autotest.dir/build.make:232: assignment-autotest/CMakeFiles/assignment-autotest.dir/clean] Error 1
make[1]: *** [CMakeFiles/Makefile2:147: assignment-autotest/CMakeFiles/assignment-autotest.dir/clean] Error 2
make: *** [Makefile:142: clean] Error 2
-- The C compiler identification is GNU 8.5.0
-- The CXX compiler identification is GNU 8.5.0
-- Detecting C compiler ABI info
-- Detecting C compiler ABI info - done
-- Check for working C compiler: /usr/bin/cc - skipped
-- Detecting C compile features
-- Detecting C compile features - done
-- Detecting CXX compiler ABI info
-- Detecting CXX compiler ABI info - done
-- Check for working CXX compiler: /usr/bin/c++ - skipped
-- Detecting CXX compile features
-- Detecting CXX compile features - done
-- Generating ;/esd/bata_esd2/esrmosp7/EmbeddedLinuxCourse/assignment-autotest/test/assignment1/Test_hello_Runner.c;/esd/bata_esd2/esrmosp7/EmbeddedLinuxCourse/assignment-autotest/test/assignment1/Test_assignment_validate_Runner.c from test/assignment1/Test_hello.c;test/assignment1/Test_assignment_validate.c
-- Building executable including ;/esd/bata_esd2/esrmosp7/EmbeddedLinuxCourse/assignment-autotest/test/assignment1/Test_hello_Runner.c;/esd/bata_esd2/esrmosp7/EmbeddedLinuxCourse/assignment-autotest/test/assignment1/Test_assignment_validate_Runner.c test/assignment1/Test_hello.c;test/assignment1/Test_assignment_validate.c and ../examples/autotest-validate/autotest-validate.c
-- Configuring done (1.0s)
CMake Error at assignment-autotest/CMakeLists.txt:24 (add_executable):
  Cannot find source file:

    ../examples/autotest-validate/autotest-validate.c

  Tried extensions .c .C .c++ .cc .cpp .cxx .cu .mpp .m .M .mm .ixx .cppm .h
  .hh .h++ .hm .hpp .hxx .in .txx .f .F .for .f77 .f90 .f95 .f03 .hip .ispc


CMake Error at assignment-autotest/CMakeLists.txt:24 (add_executable):
  No SOURCES given to target: assignment-autotest


CMake Generate step failed.  Build files cannot be regenerated correctly.
make: *** [Makefile:215: cmake_check_build_system] Error 1
/esd/bata_esd2/esrmosp7/EmbeddedLinuxCourse/assignment-autotest/test/assignment1/Test_hello.c:6:test_hello:INFO: Hello!  Your unity setup is working!
/esd/bata_esd2/esrmosp7/EmbeddedLinuxCourse/assignment-autotest/test/assignment1/Test_hello.c:4:test_hello:PASS

-----------------------
1 Tests 0 Failures 0 Ignored 
OK
/esd/bata_esd2/esrmosp7/EmbeddedLinuxCourse/assignment-autotest/test/assignment1/Test_assignment_validate.c:9:test_assignment_validate:PASS

-----------------------
1 Tests 0 Failures 0 Ignored 
OK
Read EsraaKhaledMostafa from conf/username.txt
/esd/bata_esd2/esrmosp7/EmbeddedLinuxCourse/assignment-autotest/../student-test/assignment1/Test_validate_username.c:15:test_validate_my_username:PASS

-----------------------
1 Tests 0 Failures 0 Ignored 
OK
Executing assignment test script
/esd/bata_esd2/esrmosp7/EmbeddedLinuxCourse/assignment-2-EsraaKhaledMostafa/assignment-autotest/test/assignment1 /esd/bata_esd2/esrmosp7/EmbeddedLinuxCourse/assignment-2-EsraaKhaledMostafa
/esd/bata_esd2/esrmosp7/EmbeddedLinuxCourse/assignment-2-EsraaKhaledMostafa/finder-app /esd/bata_esd2/esrmosp7/EmbeddedLinuxCourse/assignment-2-EsraaKhaledMostafa/assignment-autotest/test/assignment1 /esd/bata_esd2/esrmosp7/EmbeddedLinuxCourse/assignment-2-EsraaKhaledMostafa
Error: Two arguments required. Usage: ./writer.sh <file-path> <write-string>
Error: Two arguments required. Usage: ./writer.sh <file-path> <write-string>
Using default value AELD_IS_FUN for string to write
Using default value 10 for number of files to write
Writing 10 files containing string AELD_IS_FUN to /tmp/aeld-data
/tmp/aeld-data created
Cleaning up previous builds and compiling the writer application...
rm -f writer.o writer
gcc -Wall -Werror -c -o writer.o writer.c
gcc -Wall -Werror -o writer writer.o
The number of files are 10 and the number of matching lines are 10
success
Writing 10 files containing string AELD_IS_FUN to /tmp/aeld-data/ANPIkxm61citBP9ezkrnTsJGPhdns2NU
/tmp/aeld-data/ANPIkxm61citBP9ezkrnTsJGPhdns2NU created
Cleaning up previous builds and compiling the writer application...
rm -f writer.o writer
gcc -Wall -Werror -c -o writer.o writer.c
gcc -Wall -Werror -o writer writer.o
The number of files are 10 and the number of matching lines are 10
success
Test of assignment assignment1 complete with success
Running test with user esrmosp7
CMake Error: The current CMakeCache.txt directory /esd/bata_esd2/esrmosp7/EmbeddedLinuxCourse/assignment-2-EsraaKhaledMostafa/build/CMakeCache.txt is different than the directory /esd/bata_esd2/esrmosp7/EmbeddedLinuxCourse/build where CMakeCache.txt was created. This may result in binaries being created in the wrong place. If you are not sure, reedit the CMakeCache.txt
CMake Error: The source "/esd/bata_esd2/esrmosp7/EmbeddedLinuxCourse/assignment-2-EsraaKhaledMostafa/CMakeLists.txt" does not match the source "/esd/bata_esd2/esrmosp7/EmbeddedLinuxCourse/CMakeLists.txt" used to generate cache.  Re-run cmake with a different source directory.
CMake Error: Error processing file: CMakeFiles/assignment-autotest.dir/cmake_clean.cmake
make[2]: *** [assignment-autotest/CMakeFiles/assignment-autotest.dir/clean] Error 1
make[1]: *** [assignment-autotest/CMakeFiles/assignment-autotest.dir/clean] Error 2
make: *** [clean] Error 2
-- Generating ;/esd/bata_esd2/esrmosp7/EmbeddedLinuxCourse/assignment-autotest/test/assignment1/Test_hello_Runner.c;/esd/bata_esd2/esrmosp7/EmbeddedLinuxCourse/assignment-autotest/test/assignment1/Test_assignment_validate_Runner.c from test/assignment1/Test_hello.c;test/assignment1/Test_assignment_validate.c
-- Building executable including ;/esd/bata_esd2/esrmosp7/EmbeddedLinuxCourse/assignment-autotest/test/assignment1/Test_hello_Runner.c;/esd/bata_esd2/esrmosp7/EmbeddedLinuxCourse/assignment-autotest/test/assignment1/Test_assignment_validate_Runner.c test/assignment1/Test_hello.c;test/assignment1/Test_assignment_validate.c and ../examples/autotest-validate/autotest-validate.c
-- Configuring done (0.1s)
CMake Error at assignment-autotest/CMakeLists.txt:24 (add_executable):
  Cannot find source file:

    ../examples/autotest-validate/autotest-validate.c

  Tried extensions .c .C .c++ .cc .cpp .cxx .cu .mpp .m .M .mm .ixx .cppm .h
  .hh .h++ .hm .hpp .hxx .in .txx .f .F .for .f77 .f90 .f95 .f03 .hip .ispc


CMake Error at assignment-autotest/CMakeLists.txt:24 (add_executable):
  No SOURCES given to target: assignment-autotest


CMake Generate step failed.  Build files cannot be regenerated correctly.
make: *** [cmake_check_build_system] Error 1
/esd/bata_esd2/esrmosp7/EmbeddedLinuxCourse/assignment-autotest/test/assignment1/Test_hello.c:6:test_hello:INFO: Hello!  Your unity setup is working!
/esd/bata_esd2/esrmosp7/EmbeddedLinuxCourse/assignment-autotest/test/assignment1/Test_hello.c:4:test_hello:PASS

-----------------------
1 Tests 0 Failures 0 Ignored 
OK
/esd/bata_esd2/esrmosp7/EmbeddedLinuxCourse/assignment-autotest/test/assignment1/Test_assignment_validate.c:9:test_assignment_validate:PASS

-----------------------
1 Tests 0 Failures 0 Ignored 
OK
Read EsraaKhaledMostafa from conf/username.txt
/esd/bata_esd2/esrmosp7/EmbeddedLinuxCourse/assignment-autotest/../student-test/assignment1/Test_validate_username.c:15:test_validate_my_username:PASS

-----------------------
1 Tests 0 Failures 0 Ignored 
OK
Executing assignment test script
/esd/bata_esd2/esrmosp7/EmbeddedLinuxCourse/assignment-2-EsraaKhaledMostafa/assignment-autotest/test/assignment1 /esd/bata_esd2/esrmosp7/EmbeddedLinuxCourse/assignment-2-EsraaKhaledMostafa
/esd/bata_esd2/esrmosp7/EmbeddedLinuxCourse/assignment-2-EsraaKhaledMostafa/finder-app /esd/bata_esd2/esrmosp7/EmbeddedLinuxCourse/assignment-2-EsraaKhaledMostafa/assignment-autotest/test/assignment1 /esd/bata_esd2/esrmosp7/EmbeddedLinuxCourse/assignment-2-EsraaKhaledMostafa
Error: Two arguments required. Usage: ./writer.sh <file-path> <write-string>
Error: Two arguments required. Usage: ./writer.sh <file-path> <write-string>
Using default value AELD_IS_FUN for string to write
Using default value 10 for number of files to write
Writing 10 files containing string AELD_IS_FUN to /tmp/aeld-data
/tmp/aeld-data created
Cleaning up previous builds and compiling the writer application...
rm -f writer.o writer
gcc -Wall -Werror -c -o writer.o writer.c
gcc -Wall -Werror -o writer writer.o
/esd/vista_dev/vista_build_tools_lightweight/tools.cvs/release.64bit/bin/../lib/gcc/x86_64-pc-linux-gnu/4.3.4/../../../../x86_64-pc-linux-gnu/bin/ld: BFD (GNU Binutils) 2.21 internal error, aborting at reloc.c line 443 in bfd_get_reloc_size

/esd/vista_dev/vista_build_tools_lightweight/tools.cvs/release.64bit/bin/../lib/gcc/x86_64-pc-linux-gnu/4.3.4/../../../../x86_64-pc-linux-gnu/bin/ld: Please report this bug.

collect2: ld returned 1 exit status
make: *** [writer] Error 1
[0;31mValidation Error:finder-test.sh execution for default directory failed with return code 2[0m
Writing 10 files containing string AELD_IS_FUN to /tmp/aeld-data/pEQEYJI6hGozW11FGuMjTus28GRd5rNN
/tmp/aeld-data/pEQEYJI6hGozW11FGuMjTus28GRd5rNN created
Cleaning up previous builds and compiling the writer application...
rm -f writer.o writer
gcc -Wall -Werror -c -o writer.o writer.c
gcc -Wall -Werror -o writer writer.o
/esd/vista_dev/vista_build_tools_lightweight/tools.cvs/release.64bit/bin/../lib/gcc/x86_64-pc-linux-gnu/4.3.4/../../../../x86_64-pc-linux-gnu/bin/ld: BFD (GNU Binutils) 2.21 internal error, aborting at reloc.c line 443 in bfd_get_reloc_size

/esd/vista_dev/vista_build_tools_lightweight/tools.cvs/release.64bit/bin/../lib/gcc/x86_64-pc-linux-gnu/4.3.4/../../../../x86_64-pc-linux-gnu/bin/ld: Please report this bug.

collect2: ld returned 1 exit status
make: *** [writer] Error 1
[0;31mValidation Error:finder-test.sh execution for random directory failed with return code 2[0m
Validation failed with error list :finder-test.sh execution for default directory failed with return code 2:finder-test.sh execution for random directory failed with return code 2
Test of assignment assignment1 failed with rc=1
Running test with user esrmosp7
CMake Error: The current CMakeCache.txt directory /esd/bata_esd2/esrmosp7/EmbeddedLinuxCourse/assignment-2-EsraaKhaledMostafa/build/CMakeCache.txt is different than the directory /esd/bata_esd2/esrmosp7/EmbeddedLinuxCourse/build where CMakeCache.txt was created. This may result in binaries being created in the wrong place. If you are not sure, reedit the CMakeCache.txt
CMake Error: The source "/esd/bata_esd2/esrmosp7/EmbeddedLinuxCourse/assignment-2-EsraaKhaledMostafa/CMakeLists.txt" does not match the source "/esd/bata_esd2/esrmosp7/EmbeddedLinuxCourse/CMakeLists.txt" used to generate cache.  Re-run cmake with a different source directory.
CMake Error: Error processing file: CMakeFiles/assignment-autotest.dir/cmake_clean.cmake
make[2]: *** [assignment-autotest/CMakeFiles/assignment-autotest.dir/build.make:232: assignment-autotest/CMakeFiles/assignment-autotest.dir/clean] Error 1
make[1]: *** [CMakeFiles/Makefile2:147: assignment-autotest/CMakeFiles/assignment-autotest.dir/clean] Error 2
make: *** [Makefile:142: clean] Error 2
-- Generating ;/esd/bata_esd2/esrmosp7/EmbeddedLinuxCourse/assignment-autotest/test/assignment1/Test_hello_Runner.c;/esd/bata_esd2/esrmosp7/EmbeddedLinuxCourse/assignment-autotest/test/assignment1/Test_assignment_validate_Runner.c from test/assignment1/Test_hello.c;test/assignment1/Test_assignment_validate.c
-- Building executable including ;/esd/bata_esd2/esrmosp7/EmbeddedLinuxCourse/assignment-autotest/test/assignment1/Test_hello_Runner.c;/esd/bata_esd2/esrmosp7/EmbeddedLinuxCourse/assignment-autotest/test/assignment1/Test_assignment_validate_Runner.c test/assignment1/Test_hello.c;test/assignment1/Test_assignment_validate.c and ../examples/autotest-validate/autotest-validate.c
-- Configuring done (0.0s)
CMake Error at assignment-autotest/CMakeLists.txt:24 (add_executable):
  Cannot find source file:

    ../examples/autotest-validate/autotest-validate.c

  Tried extensions .c .C .c++ .cc .cpp .cxx .cu .mpp .m .M .mm .ixx .cppm .h
  .hh .h++ .hm .hpp .hxx .in .txx .f .F .for .f77 .f90 .f95 .f03 .hip .ispc


CMake Error at assignment-autotest/CMakeLists.txt:24 (add_executable):
  No SOURCES given to target: assignment-autotest


CMake Generate step failed.  Build files cannot be regenerated correctly.
make: *** [Makefile:215: cmake_check_build_system] Error 1
/esd/bata_esd2/esrmosp7/EmbeddedLinuxCourse/assignment-autotest/test/assignment1/Test_hello.c:6:test_hello:INFO: Hello!  Your unity setup is working!
/esd/bata_esd2/esrmosp7/EmbeddedLinuxCourse/assignment-autotest/test/assignment1/Test_hello.c:4:test_hello:PASS

-----------------------
1 Tests 0 Failures 0 Ignored 
OK
/esd/bata_esd2/esrmosp7/EmbeddedLinuxCourse/assignment-autotest/test/assignment1/Test_assignment_validate.c:9:test_assignment_validate:PASS

-----------------------
1 Tests 0 Failures 0 Ignored 
OK
Read EsraaKhaledMostafa from conf/username.txt
/esd/bata_esd2/esrmosp7/EmbeddedLinuxCourse/assignment-autotest/../student-test/assignment1/Test_validate_username.c:15:test_validate_my_username:PASS

-----------------------
1 Tests 0 Failures 0 Ignored 
OK
Executing assignment test script
/esd/bata_esd2/esrmosp7/EmbeddedLinuxCourse/assignment-2-EsraaKhaledMostafa/assignment-autotest/test/assignment1 /esd/bata_esd2/esrmosp7/EmbeddedLinuxCourse/assignment-2-EsraaKhaledMostafa
/esd/bata_esd2/esrmosp7/EmbeddedLinuxCourse/assignment-2-EsraaKhaledMostafa/finder-app /esd/bata_esd2/esrmosp7/EmbeddedLinuxCourse/assignment-2-EsraaKhaledMostafa/assignment-autotest/test/assignment1 /esd/bata_esd2/esrmosp7/EmbeddedLinuxCourse/assignment-2-EsraaKhaledMostafa
Error: Two arguments required. Usage: ./writer.sh <file-path> <write-string>
Error: Two arguments required. Usage: ./writer.sh <file-path> <write-string>
Using default value AELD_IS_FUN for string to write
Using default value 10 for number of files to write
Writing 10 files containing string AELD_IS_FUN to /tmp/aeld-data
/tmp/aeld-data created
Cleaning up previous builds and compiling the writer application...
rm -f writer.o writer
/usr/bin/gcc -Wall -Werror -c -o writer.o writer.c
/usr/bin/gcc -Wall -Werror -o writer writer.o
The number of files are 10 and the number of matching lines are 10
success
Writing 10 files containing string AELD_IS_FUN to /tmp/aeld-data/2MwGxDoibQSO1dT5oP4u4AR54Q4ynxxo
/tmp/aeld-data/2MwGxDoibQSO1dT5oP4u4AR54Q4ynxxo created
Cleaning up previous builds and compiling the writer application...
rm -f writer.o writer
/usr/bin/gcc -Wall -Werror -c -o writer.o writer.c
/usr/bin/gcc -Wall -Werror -o writer writer.o
The number of files are 10 and the number of matching lines are 10
success
Test of assignment assignment1 complete with success
Running test with user esrmosp7
CMake Error: The current CMakeCache.txt directory /esd/bata_esd2/esrmosp7/EmbeddedLinuxCourse/assignment-2-EsraaKhaledMostafa/build/CMakeCache.txt is different than the directory /esd/bata_esd2/esrmosp7/EmbeddedLinuxCourse/build where CMakeCache.txt was created. This may result in binaries being created in the wrong place. If you are not sure, reedit the CMakeCache.txt
CMake Error: The source "/esd/bata_esd2/esrmosp7/EmbeddedLinuxCourse/assignment-2-EsraaKhaledMostafa/CMakeLists.txt" does not match the source "/esd/bata_esd2/esrmosp7/EmbeddedLinuxCourse/CMakeLists.txt" used to generate cache.  Re-run cmake with a different source directory.
CMake Error: Error processing file: CMakeFiles/assignment-autotest.dir/cmake_clean.cmake
make[2]: *** [assignment-autotest/CMakeFiles/assignment-autotest.dir/build.make:232: assignment-autotest/CMakeFiles/assignment-autotest.dir/clean] Error 1
make[1]: *** [CMakeFiles/Makefile2:147: assignment-autotest/CMakeFiles/assignment-autotest.dir/clean] Error 2
make: *** [Makefile:142: clean] Error 2
-- Generating ;/esd/bata_esd2/esrmosp7/EmbeddedLinuxCourse/assignment-autotest/test/assignment1/Test_hello_Runner.c;/esd/bata_esd2/esrmosp7/EmbeddedLinuxCourse/assignment-autotest/test/assignment1/Test_assignment_validate_Runner.c from test/assignment1/Test_hello.c;test/assignment1/Test_assignment_validate.c
-- Building executable including ;/esd/bata_esd2/esrmosp7/EmbeddedLinuxCourse/assignment-autotest/test/assignment1/Test_hello_Runner.c;/esd/bata_esd2/esrmosp7/EmbeddedLinuxCourse/assignment-autotest/test/assignment1/Test_assignment_validate_Runner.c test/assignment1/Test_hello.c;test/assignment1/Test_assignment_validate.c and ../examples/autotest-validate/autotest-validate.c
-- Configuring done (0.0s)
CMake Error at assignment-autotest/CMakeLists.txt:24 (add_executable):
  Cannot find source file:

    ../examples/autotest-validate/autotest-validate.c

  Tried extensions .c .C .c++ .cc .cpp .cxx .cu .mpp .m .M .mm .ixx .cppm .h
  .hh .h++ .hm .hpp .hxx .in .txx .f .F .for .f77 .f90 .f95 .f03 .hip .ispc


CMake Error at assignment-autotest/CMakeLists.txt:24 (add_executable):
  No SOURCES given to target: assignment-autotest


CMake Generate step failed.  Build files cannot be regenerated correctly.
make: *** [Makefile:215: cmake_check_build_system] Error 1
/esd/bata_esd2/esrmosp7/EmbeddedLinuxCourse/assignment-autotest/test/assignment1/Test_hello.c:6:test_hello:INFO: Hello!  Your unity setup is working!
/esd/bata_esd2/esrmosp7/EmbeddedLinuxCourse/assignment-autotest/test/assignment1/Test_hello.c:4:test_hello:PASS

-----------------------
1 Tests 0 Failures 0 Ignored 
OK
/esd/bata_esd2/esrmosp7/EmbeddedLinuxCourse/assignment-autotest/test/assignment1/Test_assignment_validate.c:9:test_assignment_validate:PASS

-----------------------
1 Tests 0 Failures 0 Ignored 
OK
Read EsraaKhaledMostafa from conf/username.txt
/esd/bata_esd2/esrmosp7/EmbeddedLinuxCourse/assignment-autotest/../student-test/assignment1/Test_validate_username.c:15:test_validate_my_username:PASS

-----------------------
1 Tests 0 Failures 0 Ignored 
OK
Executing assignment test script
/esd/bata_esd2/esrmosp7/EmbeddedLinuxCourse/assignment-2-EsraaKhaledMostafa/assignment-autotest/test/assignment1 /esd/bata_esd2/esrmosp7/EmbeddedLinuxCourse/assignment-2-EsraaKhaledMostafa
/esd/bata_esd2/esrmosp7/EmbeddedLinuxCourse/assignment-2-EsraaKhaledMostafa/finder-app /esd/bata_esd2/esrmosp7/EmbeddedLinuxCourse/assignment-2-EsraaKhaledMostafa/assignment-autotest/test/assignment1 /esd/bata_esd2/esrmosp7/EmbeddedLinuxCourse/assignment-2-EsraaKhaledMostafa
Error: Two arguments required. Usage: ./writer.sh <file-path> <write-string>
Error: Two arguments required. Usage: ./writer.sh <file-path> <write-string>
Using default value AELD_IS_FUN for string to write
Using default value 10 for number of files to write
Writing 10 files containing string AELD_IS_FUN to /tmp/aeld-data
/tmp/aeld-data created
Cleaning up previous builds and compiling the writer application...
rm -f writer.o writer
/usr/bin/gcc -Wall -Werror -c -o writer.o writer.c
/usr/bin/gcc -Wall -Werror -o writer writer.o
The number of files are 10 and the number of matching lines are 10
success
Writing 10 files containing string AELD_IS_FUN to /tmp/aeld-data/u1JXXBqJQdjqE5vPI31VL2UzLdiyxllz
/tmp/aeld-data/u1JXXBqJQdjqE5vPI31VL2UzLdiyxllz created
Cleaning up previous builds and compiling the writer application...
rm -f writer.o writer
/usr/bin/gcc -Wall -Werror -c -o writer.o writer.c
/usr/bin/gcc -Wall -Werror -o writer writer.o
The number of files are 10 and the number of matching lines are 10
success
Test of assignment assignment1 complete with success
